0 info it worked if it ends with ok
1 verbose cli [ '/usr/local/Cellar/node/4.1.2/bin/node',
1 verbose cli   '/usr/local/bin/npm',
1 verbose cli   'i',
1 verbose cli   '--save',
1 verbose cli   'ng-file-upload-shim' ]
2 info using npm@2.14.6
3 info using node@v4.1.2
4 verbose install initial load of /Users/rcarter1/projects/coeus-ui/package.json
5 warn package.json coeus-ui@1.0.0 No repository field.
6 verbose installManyTop reading scoped package data from /Users/rcarter1/projects/coeus-ui/node_modules/angular/package.json
7 verbose installManyTop reading scoped package data from /Users/rcarter1/projects/coeus-ui/node_modules/angular-resource/package.json
8 verbose installManyTop reading scoped package data from /Users/rcarter1/projects/coeus-ui/node_modules/angular-ui-bootstrap/package.json
9 verbose installManyTop reading scoped package data from /Users/rcarter1/projects/coeus-ui/node_modules/angular-ui-event/package.json
10 verbose installManyTop reading scoped package data from /Users/rcarter1/projects/coeus-ui/node_modules/angular-ui-router/package.json
11 verbose installManyTop reading scoped package data from /Users/rcarter1/projects/coeus-ui/node_modules/body-parser/package.json
12 verbose installManyTop reading scoped package data from /Users/rcarter1/projects/coeus-ui/node_modules/bootstrap/package.json
13 verbose installManyTop reading scoped package data from /Users/rcarter1/projects/coeus-ui/node_modules/browserify/package.json
14 verbose installManyTop reading scoped package data from /Users/rcarter1/projects/coeus-ui/node_modules/connect-multiparty/package.json
15 verbose installManyTop reading scoped package data from /Users/rcarter1/projects/coeus-ui/node_modules/dropzone/package.json
16 verbose installManyTop reading scoped package data from /Users/rcarter1/projects/coeus-ui/node_modules/event-stream/package.json
17 verbose installManyTop reading scoped package data from /Users/rcarter1/projects/coeus-ui/node_modules/express/package.json
18 verbose installManyTop reading scoped package data from /Users/rcarter1/projects/coeus-ui/node_modules/font-awesome/package.json
19 verbose installManyTop reading scoped package data from /Users/rcarter1/projects/coeus-ui/node_modules/fs/package.json
20 verbose installManyTop reading scoped package data from /Users/rcarter1/projects/coeus-ui/node_modules/gulp/package.json
21 verbose installManyTop reading scoped package data from /Users/rcarter1/projects/coeus-ui/node_modules/gulp-browserify/package.json
22 verbose installManyTop reading scoped package data from /Users/rcarter1/projects/coeus-ui/node_modules/gulp-clean/package.json
23 verbose installManyTop reading scoped package data from /Users/rcarter1/projects/coeus-ui/node_modules/gulp-concat/package.json
24 verbose installManyTop reading scoped package data from /Users/rcarter1/projects/coeus-ui/node_modules/gulp-concat-css/package.json
25 verbose installManyTop reading scoped package data from /Users/rcarter1/projects/coeus-ui/node_modules/gulp-cssmin/package.json
26 verbose installManyTop reading scoped package data from /Users/rcarter1/projects/coeus-ui/node_modules/gulp-debug/package.json
27 verbose installManyTop reading scoped package data from /Users/rcarter1/projects/coeus-ui/node_modules/gulp-html2js/package.json
28 verbose installManyTop reading scoped package data from /Users/rcarter1/projects/coeus-ui/node_modules/gulp-image/package.json
29 verbose installManyTop reading scoped package data from /Users/rcarter1/projects/coeus-ui/node_modules/gulp-inject/package.json
30 verbose installManyTop reading scoped package data from /Users/rcarter1/projects/coeus-ui/node_modules/gulp-minify/package.json
31 verbose installManyTop reading scoped package data from /Users/rcarter1/projects/coeus-ui/node_modules/gulp-minify-html/package.json
32 verbose installManyTop reading scoped package data from /Users/rcarter1/projects/coeus-ui/node_modules/gulp-ng-html2js/package.json
33 verbose installManyTop reading scoped package data from /Users/rcarter1/projects/coeus-ui/node_modules/gulp-nodemon/package.json
34 verbose installManyTop reading scoped package data from /Users/rcarter1/projects/coeus-ui/node_modules/gulp-sass/package.json
35 verbose installManyTop reading scoped package data from /Users/rcarter1/projects/coeus-ui/node_modules/gulp-uglify/package.json
36 verbose installManyTop reading scoped package data from /Users/rcarter1/projects/coeus-ui/node_modules/gulp-watch/package.json
37 verbose installManyTop reading scoped package data from /Users/rcarter1/projects/coeus-ui/node_modules/gulp-webserver/package.json
38 verbose installManyTop reading scoped package data from /Users/rcarter1/projects/coeus-ui/node_modules/ini/package.json
39 verbose installManyTop reading scoped package data from /Users/rcarter1/projects/coeus-ui/node_modules/jquery/package.json
40 verbose installManyTop reading scoped package data from /Users/rcarter1/projects/coeus-ui/node_modules/jsonlint/package.json
41 verbose installManyTop reading scoped package data from /Users/rcarter1/projects/coeus-ui/node_modules/lodash/package.json
42 verbose installManyTop reading scoped package data from /Users/rcarter1/projects/coeus-ui/node_modules/method-override/package.json
43 verbose installManyTop reading scoped package data from /Users/rcarter1/projects/coeus-ui/node_modules/ng-file-upload/package.json
44 info package.json dropzone@4.3.0 No license field.
45 info package.json fs@0.0.2 fs is also the name of a node core module.
46 info package.json fs@0.0.2 No description
47 info package.json fs@0.0.2 No repository field.
48 info package.json fs@0.0.2 No README data
49 info package.json gulp-minify-html@1.0.6 No repository field.
50 info package.json gulp-inject@3.0.0 No license field.
51 info package.json gulp-ng-html2js@0.2.2 No license field.
52 info package.json gulp-concat-css@2.2.0 No license field.
53 info package.json jsonlint@1.6.2 No license field.
54 verbose readDependencies loading dependencies from /Users/rcarter1/projects/coeus-ui/package.json
55 silly cache add args [ 'ng-file-upload-shim', null ]
56 verbose cache add spec ng-file-upload-shim
57 silly cache add parsed spec Result {
57 silly cache add   raw: 'ng-file-upload-shim',
57 silly cache add   scope: null,
57 silly cache add   name: 'ng-file-upload-shim',
57 silly cache add   rawSpec: '',
57 silly cache add   spec: '*',
57 silly cache add   type: 'range' }
58 silly addNamed ng-file-upload-shim@*
59 verbose addNamed "*" is a valid semver range for ng-file-upload-shim
60 silly addNameRange { name: 'ng-file-upload-shim', range: '*', hasData: false }
61 silly mapToRegistry name ng-file-upload-shim
62 silly mapToRegistry using default registry
63 silly mapToRegistry registry http://registry.npmjs.org/
64 silly mapToRegistry uri http://registry.npmjs.org/ng-file-upload-shim
65 verbose addNameRange registry:http://registry.npmjs.org/ng-file-upload-shim not in flight; fetching
66 verbose request uri http://registry.npmjs.org/ng-file-upload-shim
67 verbose request no auth needed
68 info attempt registry request try #1 at 2:35:49 PM
69 verbose request using bearer token for auth
70 verbose request id 9d14c8f6c6626953
71 http request GET http://registry.npmjs.org/ng-file-upload-shim
72 http 404 http://registry.npmjs.org/ng-file-upload-shim
73 verbose headers { 'content-type': 'application/json',
73 verbose headers   'cache-control': 'max-age=0',
73 verbose headers   'accept-ranges': 'bytes',
73 verbose headers   date: 'Mon, 21 Mar 2016 20:35:49 GMT',
73 verbose headers   via: '1.1 varnish, 1.1 localhost.localdomain',
73 verbose headers   'x-served-by': 'cache-dfw1829-DFW',
73 verbose headers   'x-cache': 'MISS',
73 verbose headers   'x-cache-hits': '0',
73 verbose headers   'x-timer': 'S1458592549.675593,VS0,VE284',
73 verbose headers   'content-length': '2',
73 verbose headers   age: '2' }
74 silly get cb [ 404,
74 silly get   { 'content-type': 'application/json',
74 silly get     'cache-control': 'max-age=0',
74 silly get     'accept-ranges': 'bytes',
74 silly get     date: 'Mon, 21 Mar 2016 20:35:49 GMT',
74 silly get     via: '1.1 varnish, 1.1 localhost.localdomain',
74 silly get     'x-served-by': 'cache-dfw1829-DFW',
74 silly get     'x-cache': 'MISS',
74 silly get     'x-cache-hits': '0',
74 silly get     'x-timer': 'S1458592549.675593,VS0,VE284',
74 silly get     'content-length': '2',
74 silly get     age: '2' } ]
75 verbose stack Error: Registry returned 404 for GET on http://registry.npmjs.org/ng-file-upload-shim
75 verbose stack     at makeError (/usr/local/lib/node_modules/npm/node_modules/npm-registry-client/lib/request.js:264:12)
75 verbose stack     at CachingRegistryClient.<anonymous> (/usr/local/lib/node_modules/npm/node_modules/npm-registry-client/lib/request.js:242:14)
75 verbose stack     at Request._callback (/usr/local/lib/node_modules/npm/node_modules/npm-registry-client/lib/request.js:172:14)
75 verbose stack     at Request.self.callback (/usr/local/lib/node_modules/npm/node_modules/request/request.js:198:22)
75 verbose stack     at emitTwo (events.js:87:13)
75 verbose stack     at Request.emit (events.js:172:7)
75 verbose stack     at Request.<anonymous> (/usr/local/lib/node_modules/npm/node_modules/request/request.js:1063:14)
75 verbose stack     at emitOne (events.js:82:20)
75 verbose stack     at Request.emit (events.js:169:7)
75 verbose stack     at IncomingMessage.<anonymous> (/usr/local/lib/node_modules/npm/node_modules/request/request.js:1009:12)
76 verbose statusCode 404
77 verbose pkgid ng-file-upload-shim
78 verbose cwd /Users/rcarter1/projects/coeus-ui
79 error Darwin 14.5.0
80 error argv "/usr/local/Cellar/node/4.1.2/bin/node" "/usr/local/bin/npm" "i" "--save" "ng-file-upload-shim"
81 error node v4.1.2
82 error npm  v2.14.6
83 error code E404
84 error 404 Registry returned 404 for GET on http://registry.npmjs.org/ng-file-upload-shim
84 error 404
84 error 404 'ng-file-upload-shim' is not in the npm registry.
84 error 404 You should bug the author to publish it (or use the name yourself!)
84 error 404 It was specified as a dependency of 'coeus-ui'
84 error 404
84 error 404 Note that you can also install from a
84 error 404 tarball, folder, http url, or git url.
85 verbose exit [ 1, true ]
